<?xml version="1.0" encoding="UTF-8"?>
<!-- Generated by org.testng.reporters.JUnitReportReporter -->
<testsuite name="framwrk.Proprtycncpt" tests="1" failures="0" timestamp="13 Apr 2016 09:37:42 GMT" time="0.026" errors="0">
  <testcase name="testprpty" time="0.026" classname="framwrk.Proprtycncpt"/>
</testsuite> <!-- framwrk.Proprtycncpt -->
