<?xml version="1.0" encoding="UTF-8"?>
<!-- Generated by org.testng.reporters.JUnitReportReporter -->
<testsuite name="testngg.Priorty" tests="4" failures="0" timestamp="3 Apr 2016 07:48:56 GMT" time="0.008" errors="0">
  <testcase name="A1" time="0.001" classname="testngg.Priorty"/>
  <testcase name="A2" time="0.001" classname="testngg.Priorty"/>
  <testcase name="f" time="0.006" classname="testngg.Priorty"/>
  <testcase name="A3" time="0.000" classname="testngg.Priorty"/>
</testsuite> <!-- testngg.Priorty -->
