<?xml version="1.0" encoding="UTF-8"?>
<!-- Generated by org.testng.reporters.JUnitReportReporter -->
<testsuite name="testngg.Assrt" tests="1" failures="0" timestamp="20 Apr 2016 09:28:22 GMT" time="6.522" errors="0">
  <testcase name="tsts" time="6.522" classname="testngg.Assrt"/>
</testsuite> <!-- testngg.Assrt -->
