<?xml version="1.0" encoding="UTF-8"?>
<!-- Generated by org.testng.reporters.JUnitReportReporter -->
<testsuite name="testngg.Bfrnaftr" tests="2" failures="0" timestamp="3 Apr 2016 07:48:56 GMT" time="0.010" errors="0">
  <testcase name="c" time="0.009" classname="testngg.Bfrnaftr"/>
  <testcase name="e" time="0.001" classname="testngg.Bfrnaftr"/>
</testsuite> <!-- testngg.Bfrnaftr -->
